<?xml version="1.0" encoding="utf-8"?><testsuites><testsuite errors="0" failures="1" hostname="USHYDNIHARGUP1" name="pytest" skipped="0" tests="10" time="11.726" timestamp="2020-05-07T10:22:57.256864"><testcase classname="test_BlazeDemoAutomation.Test" file="test_BlazeDemoAutomation.py" line="16" name="test_urlCheckHomePage" time="6.533"></testcase><testcase classname="test_BlazeDemoAutomation.Test" file="test_BlazeDemoAutomation.py" line="20" name="test_checkFlightPageText" time="1.496"></testcase><testcase classname="test_BlazeDemoAutomation.Test" file="test_BlazeDemoAutomation.py" line="36" name="test_urlViewFlights" time="0.005"></testcase><testcase classname="test_BlazeDemoAutomation.Test" file="test_BlazeDemoAutomation.py" line="39" name="test_checkFlightText_wrongmsg" time="0.419"><failure message="AssertionError: assert &apos;Flights from... to New York:&apos; == &apos;Wrong&apos;
  - Wrong
  + Flights from San Diego to New York:">self = &lt;test_BlazeDemoAutomation.Test object at 0x03FBACA0&gt;
dataload = [&apos;http://www.blazedemo.com/&apos;, &apos;niharika&apos;]

    def test_checkFlightText_wrongmsg(self, dataload): #refers to the dataload fixture
        flight = Flight(self.driver)
        message = flight.getFlightText().text
        allure.attach(self.driver.get_screenshot_as_png(),name=&quot;Screenshot1&quot;,attachment_type=AttachmentType.PNG)
&gt;       assert message == &quot;Wrong&quot;
E       AssertionError: assert &apos;Flights from... to New York:&apos; == &apos;Wrong&apos;
E         - Wrong
E         + Flights from San Diego to New York:

test_BlazeDemoAutomation.py:44: AssertionError</failure></testcase><testcase classname="test_BlazeDemoAutomation.Test" file="test_BlazeDemoAutomation.py" line="47" name="test_chooseFlight" time="0.357"></testcase><testcase classname="test_BlazeDemoAutomation.Test" file="test_BlazeDemoAutomation.py" line="55" name="test_reservationText" time="0.032"></testcase><testcase classname="test_BlazeDemoAutomation.Test" file="test_BlazeDemoAutomation.py" line="60" name="test_inputPassengerDetails" time="1.214"></testcase><testcase classname="test_BlazeDemoAutomation.Test" file="test_BlazeDemoAutomation.py" line="73" name="test_urlFlightConfirmation" time="0.415"></testcase><testcase classname="test_BlazeDemoAutomation.Test" file="test_BlazeDemoAutomation.py" line="78" name="test_flightConfirmationMessage" time="0.055"></testcase><testcase classname="test_BlazeDemoAutomation.Test" file="test_BlazeDemoAutomation.py" line="83" name="test_closeWindow" time="0.459"></testcase></testsuite></testsuites>