<?xml version="1.0" encoding="utf-8"?><testsuites><testsuite errors="0" failures="1" hostname="USHYDNIHARGUP1" name="pytest" skipped="0" tests="10" time="9.414" timestamp="2020-05-06T16:52:21.898192"><testcase classname="test_BlazeDemoAutomation.Test" file="test_BlazeDemoAutomation.py" line="16" name="test_urlCheckHomePage" time="4.004"></testcase><testcase classname="test_BlazeDemoAutomation.Test" file="test_BlazeDemoAutomation.py" line="20" name="test_checkFlightPageText" time="1.091"></testcase><testcase classname="test_BlazeDemoAutomation.Test" file="test_BlazeDemoAutomation.py" line="36" name="test_urlViewFlights" time="0.004"></testcase><testcase classname="test_BlazeDemoAutomation.Test" file="test_BlazeDemoAutomation.py" line="39" name="test_checkFlightText_wrongmsg" time="0.334"><failure message="AssertionError: assert &apos;Flights from... to New York:&apos; == &apos;Wrong&apos;
  - Wrong
  + Flights from San Diego to New York:">self = &lt;test_BlazeDemoAutomation.Test object at 0x049C5430&gt;
dataload = [&apos;http://www.blazedemo.com/&apos;, &apos;niharika&apos;]

    def test_checkFlightText_wrongmsg(self, dataload): #refers to the dataload fixture
        flight = Flight(self.driver)
        message = flight.getFlightText().text
        allure.attach(self.driver.get_screenshot_as_png(),name=&quot;Screenshot1&quot;,attachment_type=AttachmentType.PNG)
&gt;       assert message == &quot;Wrong&quot;
E       AssertionError: assert &apos;Flights from... to New York:&apos; == &apos;Wrong&apos;
E         - Wrong
E         + Flights from San Diego to New York:

test_BlazeDemoAutomation.py:44: AssertionError</failure></testcase><testcase classname="test_BlazeDemoAutomation.Test" file="test_BlazeDemoAutomation.py" line="47" name="test_chooseFlight" time="0.292"></testcase><testcase classname="test_BlazeDemoAutomation.Test" file="test_BlazeDemoAutomation.py" line="55" name="test_reservationText" time="0.025"></testcase><testcase classname="test_BlazeDemoAutomation.Test" file="test_BlazeDemoAutomation.py" line="60" name="test_inputPassengerDetails" time="0.679"></testcase><testcase classname="test_BlazeDemoAutomation.Test" file="test_BlazeDemoAutomation.py" line="73" name="test_urlFlightConfirmation" time="0.490"></testcase><testcase classname="test_BlazeDemoAutomation.Test" file="test_BlazeDemoAutomation.py" line="78" name="test_flightConfirmationMessage" time="0.027"></testcase><testcase classname="test_BlazeDemoAutomation.Test" file="test_BlazeDemoAutomation.py" line="83" name="test_closeWindow" time="2.084"></testcase></testsuite></testsuites>